Preparing to clone inside a volume
Installing credential helpers... 
done
Cloning into '/com.docker.devenvironments.code'...
Running .docker migration
Migration: no config.json detected
Migration: no .docker/docker-compose.yaml detected
Detecting main repo language...
Could not detect language - using default base image
Network working_hours_app-brave_ishizaka_default  Creating
Network working_hours_app-brave_ishizaka_default  Created
Container working_hours_app-brave_ishizaka-app-1  Creating
Container working_hours_app-brave_ishizaka-app-1  Created
Container working_hours_app-brave_ishizaka-app-1  Starting
Container working_hours_app-brave_ishizaka-app-1  Started
Volume "vsCodeServerVolume-working_hours_app-brave_ishizaka-app"  Creating
Volume "vsCodeServerVolume-working_hours_app-brave_ishizaka-app"  Created
Container working_hours_app-brave_ishizaka-app-1  Recreate
Container working_hours_app-brave_ishizaka-app-1  Recreated
Container working_hours_app-brave_ishizaka-app-1  Starting
Container working_hours_app-brave_ishizaka-app-1  Started
Docker socket permission set to allow in container docker
